2023-11-05 14:09:52,809 [main] INFO  ru.intech.pechkin.auth.AuthApp: Starting AuthApp using Java 19.0.2 with PID 9488 (C:\Users\Vano\IdeaProjects\pechkin\auth\target\classes started by Vano in C:\Users\Vano\IdeaProjects\pechkin)
2023-11-05 14:09:52,819 [main] INFO  ru.intech.pechkin.auth.AuthApp: The following 1 profile is active: "dev"
2023-11-05 14:09:53,330 [main] INFO  o.s.d.r.c.RepositoryConfigurationDelegate: Bootstrapping Spring Data JPA repositories in DEFAULT mode.
2023-11-05 14:09:53,406 [main] INFO  o.s.d.r.c.RepositoryConfigurationDelegate: Finished Spring Data repository scanning in 68 ms. Found 5 JPA repository interfaces.
2023-11-05 14:09:53,838 [main] INFO  o.s.b.w.e.tomcat.TomcatWebServer: Tomcat initialized with port(s): 8080 (http)
2023-11-05 14:09:53,845 [main] INFO  o.a.catalina.core.StandardService: Starting service [Tomcat]
2023-11-05 14:09:53,845 [main] INFO  o.a.catalina.core.StandardEngine: Starting Servlet engine: [Apache Tomcat/10.1.7]
2023-11-05 14:09:53,911 [main] INFO  o.a.c.c.C.[Tomcat].[localhost].[/]: Initializing Spring embedded WebApplicationContext
2023-11-05 14:09:53,911 [main] INFO  o.s.b.w.s.c.ServletWebServerApplicationContext: Root WebApplicationContext: initialization completed in 1052 ms
2023-11-05 14:09:53,986 [main] INFO  com.zaxxer.hikari.HikariDataSource: HikariPool-1 - Starting...
2023-11-05 14:09:54,553 [main] INFO  com.zaxxer.hikari.pool.HikariPool: HikariPool-1 - Added connection org.postgresql.jdbc.PgConnection@68b11545
2023-11-05 14:09:54,554 [main] INFO  com.zaxxer.hikari.HikariDataSource: HikariPool-1 - Start completed.
2023-11-05 14:09:54,586 [main] INFO  o.h.jpa.internal.util.LogHelper: HHH000204: Processing PersistenceUnitInfo [name: default]
2023-11-05 14:09:54,622 [main] INFO  org.hibernate.Version: HHH000412: Hibernate ORM core version 6.1.7.Final
2023-11-05 14:09:54,868 [main] INFO  SQL dialect: HHH000400: Using dialect: org.hibernate.dialect.PostgreSQL94Dialect
2023-11-05 14:09:54,869 [main] WARN  org.hibernate.orm.deprecation: HHH90000026: PostgreSQL94Dialect has been deprecated; use org.hibernate.dialect.PostgreSQLDialect instead
2023-11-05 14:09:55,722 [main] INFO  o.h.e.t.j.p.i.JtaPlatformInitiator: HHH000490: Using JtaPlatform implementation: [org.hibernate.engine.transaction.jta.platform.internal.NoJtaPlatform]
2023-11-05 14:09:55,729 [main] INFO  o.s.o.j.LocalContainerEntityManagerFactoryBean: Initialized JPA EntityManagerFactory for persistence unit 'default'
2023-11-05 14:09:55,892 [main] WARN  o.s.c.LocalVariableTableParameterNameDiscoverer: Using deprecated '-debug' fallback for parameter name resolution. Compile the affected code with '-parameters' instead or avoid its introspection: ru.intech.pechkin.auth.repo.UserRepository
2023-11-05 14:09:56,001 [main] WARN  o.s.c.LocalVariableTableParameterNameDiscoverer: Using deprecated '-debug' fallback for parameter name resolution. Compile the affected code with '-parameters' instead or avoid its introspection: ru.intech.pechkin.auth.repo.GroupTypeRepository
2023-11-05 14:09:56,018 [main] WARN  o.s.c.LocalVariableTableParameterNameDiscoverer: Using deprecated '-debug' fallback for parameter name resolution. Compile the affected code with '-parameters' instead or avoid its introspection: ru.intech.pechkin.auth.repo.AttributeTypeRepository
2023-11-05 14:09:56,038 [main] WARN  o.s.c.LocalVariableTableParameterNameDiscoverer: Using deprecated '-debug' fallback for parameter name resolution. Compile the affected code with '-parameters' instead or avoid its introspection: ru.intech.pechkin.auth.repo.AttributeRepository
2023-11-05 14:09:56,106 [main] WARN  o.s.b.a.o.j.JpaBaseConfiguration$JpaWebConfiguration: spring.jpa.open-in-view is enabled by default. Therefore, database queries may be performed during view rendering. Explicitly configure spring.jpa.open-in-view to disable this warning
2023-11-05 14:09:56,325 [main] INFO  o.s.s.web.DefaultSecurityFilterChain: Will secure any request with [org.springframework.security.web.session.DisableEncodeUrlFilter@109188b4, org.springframework.security.web.context.request.async.WebAsyncManagerIntegrationFilter@7091a016, org.springframework.security.web.context.SecurityContextHolderFilter@236206f8, org.springframework.security.web.header.HeaderWriterFilter@382608d0, org.springframework.security.web.authentication.logout.LogoutFilter@106f2425, ru.intech.pechkin.auth.config.JwtAuthenticationFilter@3dc39412, org.springframework.security.web.savedrequest.RequestCacheAwareFilter@e5f05f8, org.springframework.security.web.servletapi.SecurityContextHolderAwareRequestFilter@477906cf, org.springframework.security.web.authentication.AnonymousAuthenticationFilter@14580edc, org.springframework.security.web.session.SessionManagementFilter@25c06894, org.springframework.security.web.access.ExceptionTranslationFilter@45302e66, org.springframework.security.web.access.intercept.AuthorizationFilter@7cb38a6a]
2023-11-05 14:09:56,484 [main] INFO  o.s.b.w.e.tomcat.TomcatWebServer: Tomcat started on port(s): 8080 (http) with context path ''
2023-11-05 14:09:56,490 [main] INFO  ru.intech.pechkin.auth.AuthApp: Started AuthApp in 4.058 seconds (process running for 5.005)
2023-11-05 14:10:55,288 [http-nio-8080-exec-1] INFO  o.a.c.c.C.[Tomcat].[localhost].[/]: Initializing Spring DispatcherServlet 'dispatcherServlet'
2023-11-05 14:10:55,289 [http-nio-8080-exec-1] INFO  o.s.web.servlet.DispatcherServlet: Initializing Servlet 'dispatcherServlet'
2023-11-05 14:10:55,290 [http-nio-8080-exec-1] INFO  o.s.web.servlet.DispatcherServlet: Completed initialization in 1 ms
2023-11-05 14:10:55,590 [http-nio-8080-exec-1] ERROR o.a.c.c.C.[.[.[.[dispatcherServlet]: Servlet.service() for servlet [dispatcherServlet] in context with path [] threw exception [Request processing failed: java.lang.IllegalArgumentException: Пользователь с таким именем уже существует] with root cause
java.lang.IllegalArgumentException: Пользователь с таким именем уже существует
	at ru.intech.pechkin.auth.auth.AuthenticationService.register(AuthenticationService.java:37)
	at ru.intech.pechkin.auth.auth.AuthenticationController.register(AuthenticationController.java:18)
	at java.base/jdk.internal.reflect.DirectMethodHandleAccessor.invoke(DirectMethodHandleAccessor.java:104)
	at java.base/java.lang.reflect.Method.invoke(Method.java:578)
	at org.springframework.web.method.support.InvocableHandlerMethod.doInvoke(InvocableHandlerMethod.java:207)
	at org.springframework.web.method.support.InvocableHandlerMethod.invokeForRequest(InvocableHandlerMethod.java:152)
	at org.springframework.web.servlet.mvc.method.annotation.ServletInvocableHandlerMethod.invokeAndHandle(ServletInvocableHandlerMethod.java:118)
	at org.springframework.web.servlet.mvc.method.annotation.RequestMappingHandlerAdapter.invokeHandlerMethod(RequestMappingHandlerAdapter.java:884)
	at org.springframework.web.servlet.mvc.method.annotation.RequestMappingHandlerAdapter.handleInternal(RequestMappingHandlerAdapter.java:797)
	at org.springframework.web.servlet.mvc.method.AbstractHandlerMethodAdapter.handle(AbstractHandlerMethodAdapter.java:87)
	at org.springframework.web.servlet.DispatcherServlet.doDispatch(DispatcherServlet.java:1081)
	at org.springframework.web.servlet.DispatcherServlet.doService(DispatcherServlet.java:974)
	at org.springframework.web.servlet.FrameworkServlet.processRequest(FrameworkServlet.java:1011)
	at org.springframework.web.servlet.FrameworkServlet.doPost(FrameworkServlet.java:914)
	at jakarta.servlet.http.HttpServlet.service(HttpServlet.java:563)
	at org.springframework.web.servlet.FrameworkServlet.service(FrameworkServlet.java:885)
	at jakarta.servlet.http.HttpServlet.service(HttpServlet.java:631)
	at org.apache.catalina.core.ApplicationFilterChain.internalDoFilter(ApplicationFilterChain.java:205)
	at org.apache.catalina.core.ApplicationFilterChain.doFilter(ApplicationFilterChain.java:149)
	at org.apache.tomcat.websocket.server.WsFilter.doFilter(WsFilter.java:53)
	at org.apache.catalina.core.ApplicationFilterChain.internalDoFilter(ApplicationFilterChain.java:174)
	at org.apache.catalina.core.ApplicationFilterChain.doFilter(ApplicationFilterChain.java:149)
	at org.springframework.web.filter.OncePerRequestFilter.doFilter(OncePerRequestFilter.java:110)
	at org.apache.catalina.core.ApplicationFilterChain.internalDoFilter(ApplicationFilterChain.java:174)
	at org.apache.catalina.core.ApplicationFilterChain.doFilter(ApplicationFilterChain.java:149)
	at org.springframework.security.web.FilterChainProxy.lambda$doFilterInternal$3(FilterChainProxy.java:231)
	at org.springframework.security.web.FilterChainProxy$VirtualFilterChain.doFilter(FilterChainProxy.java:365)
	at org.springframework.security.web.access.intercept.AuthorizationFilter.doFilter(AuthorizationFilter.java:100)
	at org.springframework.security.web.FilterChainProxy$VirtualFilterChain.doFilter(FilterChainProxy.java:374)
	at org.springframework.security.web.access.ExceptionTranslationFilter.doFilter(ExceptionTranslationFilter.java:126)
	at org.springframework.security.web.access.ExceptionTranslationFilter.doFilter(ExceptionTranslationFilter.java:120)
	at org.springframework.security.web.FilterChainProxy$VirtualFilterChain.doFilter(FilterChainProxy.java:374)
	at org.springframework.security.web.session.SessionManagementFilter.doFilter(SessionManagementFilter.java:131)
	at org.springframework.security.web.session.SessionManagementFilter.doFilter(SessionManagementFilter.java:85)
	at org.springframework.security.web.FilterChainProxy$VirtualFilterChain.doFilter(FilterChainProxy.java:374)
	at org.springframework.security.web.authentication.AnonymousAuthenticationFilter.doFilter(AnonymousAuthenticationFilter.java:100)
	at org.springframework.security.web.FilterChainProxy$VirtualFilterChain.doFilter(FilterChainProxy.java:374)
	at org.springframework.security.web.servletapi.SecurityContextHolderAwareRequestFilter.doFilter(SecurityContextHolderAwareRequestFilter.java:179)
	at org.springframework.security.web.FilterChainProxy$VirtualFilterChain.doFilter(FilterChainProxy.java:374)
	at org.springframework.security.web.savedrequest.RequestCacheAwareFilter.doFilter(RequestCacheAwareFilter.java:63)
	at org.springframework.security.web.FilterChainProxy$VirtualFilterChain.doFilter(FilterChainProxy.java:374)
	at ru.intech.pechkin.auth.config.JwtAuthenticationFilter.doFilterInternal(JwtAuthenticationFilter.java:31)
	at org.springframework.web.filter.OncePerRequestFilter.doFilter(OncePerRequestFilter.java:116)
	at org.springframework.security.web.FilterChainProxy$VirtualFilterChain.doFilter(FilterChainProxy.java:374)
	at org.springframework.security.web.authentication.logout.LogoutFilter.doFilter(LogoutFilter.java:107)
	at org.springframework.security.web.authentication.logout.LogoutFilter.doFilter(LogoutFilter.java:93)
	at org.springframework.security.web.FilterChainProxy$VirtualFilterChain.doFilter(FilterChainProxy.java:374)
	at org.springframework.security.web.header.HeaderWriterFilter.doHeadersAfter(HeaderWriterFilter.java:90)
	at org.springframework.security.web.header.HeaderWriterFilter.doFilterInternal(HeaderWriterFilter.java:75)
	at org.springframework.web.filter.OncePerRequestFilter.doFilter(OncePerRequestFilter.java:116)
	at org.springframework.security.web.FilterChainProxy$VirtualFilterChain.doFilter(FilterChainProxy.java:374)
	at org.springframework.security.web.context.SecurityContextHolderFilter.doFilter(SecurityContextHolderFilter.java:82)
	at org.springframework.security.web.context.SecurityContextHolderFilter.doFilter(SecurityContextHolderFilter.java:69)
	at org.springframework.security.web.FilterChainProxy$VirtualFilterChain.doFilter(FilterChainProxy.java:374)
	at org.springframework.security.web.context.request.async.WebAsyncManagerIntegrationFilter.doFilterInternal(WebAsyncManagerIntegrationFilter.java:62)
	at org.springframework.web.filter.OncePerRequestFilter.doFilter(OncePerRequestFilter.java:116)
	at org.springframework.security.web.FilterChainProxy$VirtualFilterChain.doFilter(FilterChainProxy.java:374)
	at org.springframework.security.web.session.DisableEncodeUrlFilter.doFilterInternal(DisableEncodeUrlFilter.java:42)
	at org.springframework.web.filter.OncePerRequestFilter.doFilter(OncePerRequestFilter.java:116)
	at org.springframework.security.web.FilterChainProxy$VirtualFilterChain.doFilter(FilterChainProxy.java:374)
	at org.springframework.security.web.FilterChainProxy.doFilterInternal(FilterChainProxy.java:233)
	at org.springframework.security.web.FilterChainProxy.doFilter(FilterChainProxy.java:191)
	at org.springframework.web.filter.DelegatingFilterProxy.invokeDelegate(DelegatingFilterProxy.java:352)
	at org.springframework.web.filter.DelegatingFilterProxy.doFilter(DelegatingFilterProxy.java:268)
	at org.apache.catalina.core.ApplicationFilterChain.internalDoFilter(ApplicationFilterChain.java:174)
	at org.apache.catalina.core.ApplicationFilterChain.doFilter(ApplicationFilterChain.java:149)
	at org.springframework.web.filter.RequestContextFilter.doFilterInternal(RequestContextFilter.java:100)
	at org.springframework.web.filter.OncePerRequestFilter.doFilter(OncePerRequestFilter.java:116)
	at org.apache.catalina.core.ApplicationFilterChain.internalDoFilter(ApplicationFilterChain.java:174)
	at org.apache.catalina.core.ApplicationFilterChain.doFilter(ApplicationFilterChain.java:149)
	at org.springframework.web.filter.FormContentFilter.doFilterInternal(FormContentFilter.java:93)
	at org.springframework.web.filter.OncePerRequestFilter.doFilter(OncePerRequestFilter.java:116)
	at org.apache.catalina.core.ApplicationFilterChain.internalDoFilter(ApplicationFilterChain.java:174)
	at org.apache.catalina.core.ApplicationFilterChain.doFilter(ApplicationFilterChain.java:149)
	at org.springframework.web.filter.CharacterEncodingFilter.doFilterInternal(CharacterEncodingFilter.java:201)
	at org.springframework.web.filter.OncePerRequestFilter.doFilter(OncePerRequestFilter.java:116)
	at org.apache.catalina.core.ApplicationFilterChain.internalDoFilter(ApplicationFilterChain.java:174)
	at org.apache.catalina.core.ApplicationFilterChain.doFilter(ApplicationFilterChain.java:149)
	at org.apache.catalina.core.StandardWrapperValve.invoke(StandardWrapperValve.java:166)
	at org.apache.catalina.core.StandardContextValve.invoke(StandardContextValve.java:90)
	at org.apache.catalina.authenticator.AuthenticatorBase.invoke(AuthenticatorBase.java:493)
	at org.apache.catalina.core.StandardHostValve.invoke(StandardHostValve.java:115)
	at org.apache.catalina.valves.ErrorReportValve.invoke(ErrorReportValve.java:93)
	at org.apache.catalina.core.StandardEngineValve.invoke(StandardEngineValve.java:74)
	at org.apache.catalina.connector.CoyoteAdapter.service(CoyoteAdapter.java:341)
	at org.apache.coyote.http11.Http11Processor.service(Http11Processor.java:390)
	at org.apache.coyote.AbstractProcessorLight.process(AbstractProcessorLight.java:63)
	at org.apache.coyote.AbstractProtocol$ConnectionHandler.process(AbstractProtocol.java:894)
	at org.apache.tomcat.util.net.NioEndpoint$SocketProcessor.doRun(NioEndpoint.java:1741)
	at org.apache.tomcat.util.net.SocketProcessorBase.run(SocketProcessorBase.java:52)
	at org.apache.tomcat.util.threads.ThreadPoolExecutor.runWorker(ThreadPoolExecutor.java:1191)
	at org.apache.tomcat.util.threads.ThreadPoolExecutor$Worker.run(ThreadPoolExecutor.java:659)
	at org.apache.tomcat.util.threads.TaskThread$WrappingRunnable.run(TaskThread.java:61)
	at java.base/java.lang.Thread.run(Thread.java:1589)
2023-11-05 14:12:37,722 [http-nio-8080-exec-9] ERROR o.a.c.c.C.[.[.[.[dispatcherServlet]: Servlet.service() for servlet [dispatcherServlet] in context with path [] threw exception [Request processing failed: java.lang.IllegalArgumentException: Пользователь с таким именем уже существует] with root cause
java.lang.IllegalArgumentException: Пользователь с таким именем уже существует
	at ru.intech.pechkin.auth.auth.AuthenticationService.register(AuthenticationService.java:37)
	at ru.intech.pechkin.auth.auth.AuthenticationController.register(AuthenticationController.java:18)
	at java.base/jdk.internal.reflect.DirectMethodHandleAccessor.invoke(DirectMethodHandleAccessor.java:104)
	at java.base/java.lang.reflect.Method.invoke(Method.java:578)
	at org.springframework.web.method.support.InvocableHandlerMethod.doInvoke(InvocableHandlerMethod.java:207)
	at org.springframework.web.method.support.InvocableHandlerMethod.invokeForRequest(InvocableHandlerMethod.java:152)
	at org.springframework.web.servlet.mvc.method.annotation.ServletInvocableHandlerMethod.invokeAndHandle(ServletInvocableHandlerMethod.java:118)
	at org.springframework.web.servlet.mvc.method.annotation.RequestMappingHandlerAdapter.invokeHandlerMethod(RequestMappingHandlerAdapter.java:884)
	at org.springframework.web.servlet.mvc.method.annotation.RequestMappingHandlerAdapter.handleInternal(RequestMappingHandlerAdapter.java:797)
	at org.springframework.web.servlet.mvc.method.AbstractHandlerMethodAdapter.handle(AbstractHandlerMethodAdapter.java:87)
	at org.springframework.web.servlet.DispatcherServlet.doDispatch(DispatcherServlet.java:1081)
	at org.springframework.web.servlet.DispatcherServlet.doService(DispatcherServlet.java:974)
	at org.springframework.web.servlet.FrameworkServlet.processRequest(FrameworkServlet.java:1011)
	at org.springframework.web.servlet.FrameworkServlet.doPost(FrameworkServlet.java:914)
	at jakarta.servlet.http.HttpServlet.service(HttpServlet.java:563)
	at org.springframework.web.servlet.FrameworkServlet.service(FrameworkServlet.java:885)
	at jakarta.servlet.http.HttpServlet.service(HttpServlet.java:631)
	at org.apache.catalina.core.ApplicationFilterChain.internalDoFilter(ApplicationFilterChain.java:205)
	at org.apache.catalina.core.ApplicationFilterChain.doFilter(ApplicationFilterChain.java:149)
	at org.apache.tomcat.websocket.server.WsFilter.doFilter(WsFilter.java:53)
	at org.apache.catalina.core.ApplicationFilterChain.internalDoFilter(ApplicationFilterChain.java:174)
	at org.apache.catalina.core.ApplicationFilterChain.doFilter(ApplicationFilterChain.java:149)
	at org.springframework.web.filter.OncePerRequestFilter.doFilter(OncePerRequestFilter.java:110)
	at org.apache.catalina.core.ApplicationFilterChain.internalDoFilter(ApplicationFilterChain.java:174)
	at org.apache.catalina.core.ApplicationFilterChain.doFilter(ApplicationFilterChain.java:149)
	at org.springframework.security.web.FilterChainProxy.lambda$doFilterInternal$3(FilterChainProxy.java:231)
	at org.springframework.security.web.FilterChainProxy$VirtualFilterChain.doFilter(FilterChainProxy.java:365)
	at org.springframework.security.web.access.intercept.AuthorizationFilter.doFilter(AuthorizationFilter.java:100)
	at org.springframework.security.web.FilterChainProxy$VirtualFilterChain.doFilter(FilterChainProxy.java:374)
	at org.springframework.security.web.access.ExceptionTranslationFilter.doFilter(ExceptionTranslationFilter.java:126)
	at org.springframework.security.web.access.ExceptionTranslationFilter.doFilter(ExceptionTranslationFilter.java:120)
	at org.springframework.security.web.FilterChainProxy$VirtualFilterChain.doFilter(FilterChainProxy.java:374)
	at org.springframework.security.web.session.SessionManagementFilter.doFilter(SessionManagementFilter.java:131)
	at org.springframework.security.web.session.SessionManagementFilter.doFilter(SessionManagementFilter.java:85)
	at org.springframework.security.web.FilterChainProxy$VirtualFilterChain.doFilter(FilterChainProxy.java:374)
	at org.springframework.security.web.authentication.AnonymousAuthenticationFilter.doFilter(AnonymousAuthenticationFilter.java:100)
	at org.springframework.security.web.FilterChainProxy$VirtualFilterChain.doFilter(FilterChainProxy.java:374)
	at org.springframework.security.web.servletapi.SecurityContextHolderAwareRequestFilter.doFilter(SecurityContextHolderAwareRequestFilter.java:179)
	at org.springframework.security.web.FilterChainProxy$VirtualFilterChain.doFilter(FilterChainProxy.java:374)
	at org.springframework.security.web.savedrequest.RequestCacheAwareFilter.doFilter(RequestCacheAwareFilter.java:63)
	at org.springframework.security.web.FilterChainProxy$VirtualFilterChain.doFilter(FilterChainProxy.java:374)
	at ru.intech.pechkin.auth.config.JwtAuthenticationFilter.doFilterInternal(JwtAuthenticationFilter.java:31)
	at org.springframework.web.filter.OncePerRequestFilter.doFilter(OncePerRequestFilter.java:116)
	at org.springframework.security.web.FilterChainProxy$VirtualFilterChain.doFilter(FilterChainProxy.java:374)
	at org.springframework.security.web.authentication.logout.LogoutFilter.doFilter(LogoutFilter.java:107)
	at org.springframework.security.web.authentication.logout.LogoutFilter.doFilter(LogoutFilter.java:93)
	at org.springframework.security.web.FilterChainProxy$VirtualFilterChain.doFilter(FilterChainProxy.java:374)
	at org.springframework.security.web.header.HeaderWriterFilter.doHeadersAfter(HeaderWriterFilter.java:90)
	at org.springframework.security.web.header.HeaderWriterFilter.doFilterInternal(HeaderWriterFilter.java:75)
	at org.springframework.web.filter.OncePerRequestFilter.doFilter(OncePerRequestFilter.java:116)
	at org.springframework.security.web.FilterChainProxy$VirtualFilterChain.doFilter(FilterChainProxy.java:374)
	at org.springframework.security.web.context.SecurityContextHolderFilter.doFilter(SecurityContextHolderFilter.java:82)
	at org.springframework.security.web.context.SecurityContextHolderFilter.doFilter(SecurityContextHolderFilter.java:69)
	at org.springframework.security.web.FilterChainProxy$VirtualFilterChain.doFilter(FilterChainProxy.java:374)
	at org.springframework.security.web.context.request.async.WebAsyncManagerIntegrationFilter.doFilterInternal(WebAsyncManagerIntegrationFilter.java:62)
	at org.springframework.web.filter.OncePerRequestFilter.doFilter(OncePerRequestFilter.java:116)
	at org.springframework.security.web.FilterChainProxy$VirtualFilterChain.doFilter(FilterChainProxy.java:374)
	at org.springframework.security.web.session.DisableEncodeUrlFilter.doFilterInternal(DisableEncodeUrlFilter.java:42)
	at org.springframework.web.filter.OncePerRequestFilter.doFilter(OncePerRequestFilter.java:116)
	at org.springframework.security.web.FilterChainProxy$VirtualFilterChain.doFilter(FilterChainProxy.java:374)
	at org.springframework.security.web.FilterChainProxy.doFilterInternal(FilterChainProxy.java:233)
	at org.springframework.security.web.FilterChainProxy.doFilter(FilterChainProxy.java:191)
	at org.springframework.web.filter.DelegatingFilterProxy.invokeDelegate(DelegatingFilterProxy.java:352)
	at org.springframework.web.filter.DelegatingFilterProxy.doFilter(DelegatingFilterProxy.java:268)
	at org.apache.catalina.core.ApplicationFilterChain.internalDoFilter(ApplicationFilterChain.java:174)
	at org.apache.catalina.core.ApplicationFilterChain.doFilter(ApplicationFilterChain.java:149)
	at org.springframework.web.filter.RequestContextFilter.doFilterInternal(RequestContextFilter.java:100)
	at org.springframework.web.filter.OncePerRequestFilter.doFilter(OncePerRequestFilter.java:116)
	at org.apache.catalina.core.ApplicationFilterChain.internalDoFilter(ApplicationFilterChain.java:174)
	at org.apache.catalina.core.ApplicationFilterChain.doFilter(ApplicationFilterChain.java:149)
	at org.springframework.web.filter.FormContentFilter.doFilterInternal(FormContentFilter.java:93)
	at org.springframework.web.filter.OncePerRequestFilter.doFilter(OncePerRequestFilter.java:116)
	at org.apache.catalina.core.ApplicationFilterChain.internalDoFilter(ApplicationFilterChain.java:174)
	at org.apache.catalina.core.ApplicationFilterChain.doFilter(ApplicationFilterChain.java:149)
	at org.springframework.web.filter.CharacterEncodingFilter.doFilterInternal(CharacterEncodingFilter.java:201)
	at org.springframework.web.filter.OncePerRequestFilter.doFilter(OncePerRequestFilter.java:116)
	at org.apache.catalina.core.ApplicationFilterChain.internalDoFilter(ApplicationFilterChain.java:174)
	at org.apache.catalina.core.ApplicationFilterChain.doFilter(ApplicationFilterChain.java:149)
	at org.apache.catalina.core.StandardWrapperValve.invoke(StandardWrapperValve.java:166)
	at org.apache.catalina.core.StandardContextValve.invoke(StandardContextValve.java:90)
	at org.apache.catalina.authenticator.AuthenticatorBase.invoke(AuthenticatorBase.java:493)
	at org.apache.catalina.core.StandardHostValve.invoke(StandardHostValve.java:115)
	at org.apache.catalina.valves.ErrorReportValve.invoke(ErrorReportValve.java:93)
	at org.apache.catalina.core.StandardEngineValve.invoke(StandardEngineValve.java:74)
	at org.apache.catalina.connector.CoyoteAdapter.service(CoyoteAdapter.java:341)
	at org.apache.coyote.http11.Http11Processor.service(Http11Processor.java:390)
	at org.apache.coyote.AbstractProcessorLight.process(AbstractProcessorLight.java:63)
	at org.apache.coyote.AbstractProtocol$ConnectionHandler.process(AbstractProtocol.java:894)
	at org.apache.tomcat.util.net.NioEndpoint$SocketProcessor.doRun(NioEndpoint.java:1741)
	at org.apache.tomcat.util.net.SocketProcessorBase.run(SocketProcessorBase.java:52)
	at org.apache.tomcat.util.threads.ThreadPoolExecutor.runWorker(ThreadPoolExecutor.java:1191)
	at org.apache.tomcat.util.threads.ThreadPoolExecutor$Worker.run(ThreadPoolExecutor.java:659)
	at org.apache.tomcat.util.threads.TaskThread$WrappingRunnable.run(TaskThread.java:61)
	at java.base/java.lang.Thread.run(Thread.java:1589)
2023-11-05 14:12:44,545 [http-nio-8080-exec-10] ERROR o.a.c.c.C.[.[.[.[dispatcherServlet]: Servlet.service() for servlet [dispatcherServlet] in context with path [] threw exception
io.jsonwebtoken.ExpiredJwtException: JWT expired at 2023-07-05T12:55:32Z. Current time: 2023-11-05T11:12:44Z, a difference of 10621032544 milliseconds.  Allowed clock skew: 0 milliseconds.
	at io.jsonwebtoken.impl.DefaultJwtParser.parse(DefaultJwtParser.java:427)
	at io.jsonwebtoken.impl.DefaultJwtParser.parse(DefaultJwtParser.java:529)
	at io.jsonwebtoken.impl.DefaultJwtParser.parseClaimsJws(DefaultJwtParser.java:589)
	at io.jsonwebtoken.impl.ImmutableJwtParser.parseClaimsJws(ImmutableJwtParser.java:173)
	at ru.intech.pechkin.auth.config.JwtService.extractAllClaims(JwtService.java:62)
	at ru.intech.pechkin.auth.config.JwtService.extractClaim(JwtService.java:27)
	at ru.intech.pechkin.auth.config.JwtService.extractUsername(JwtService.java:23)
	at ru.intech.pechkin.auth.config.JwtAuthenticationFilter.doFilterInternal(JwtAuthenticationFilter.java:35)
	at org.springframework.web.filter.OncePerRequestFilter.doFilter(OncePerRequestFilter.java:116)
	at org.springframework.security.web.FilterChainProxy$VirtualFilterChain.doFilter(FilterChainProxy.java:374)
	at org.springframework.security.web.authentication.logout.LogoutFilter.doFilter(LogoutFilter.java:107)
	at org.springframework.security.web.authentication.logout.LogoutFilter.doFilter(LogoutFilter.java:93)
	at org.springframework.security.web.FilterChainProxy$VirtualFilterChain.doFilter(FilterChainProxy.java:374)
	at org.springframework.security.web.header.HeaderWriterFilter.doHeadersAfter(HeaderWriterFilter.java:90)
	at org.springframework.security.web.header.HeaderWriterFilter.doFilterInternal(HeaderWriterFilter.java:75)
	at org.springframework.web.filter.OncePerRequestFilter.doFilter(OncePerRequestFilter.java:116)
	at org.springframework.security.web.FilterChainProxy$VirtualFilterChain.doFilter(FilterChainProxy.java:374)
	at org.springframework.security.web.context.SecurityContextHolderFilter.doFilter(SecurityContextHolderFilter.java:82)
	at org.springframework.security.web.context.SecurityContextHolderFilter.doFilter(SecurityContextHolderFilter.java:69)
	at org.springframework.security.web.FilterChainProxy$VirtualFilterChain.doFilter(FilterChainProxy.java:374)
	at org.springframework.security.web.context.request.async.WebAsyncManagerIntegrationFilter.doFilterInternal(WebAsyncManagerIntegrationFilter.java:62)
	at org.springframework.web.filter.OncePerRequestFilter.doFilter(OncePerRequestFilter.java:116)
	at org.springframework.security.web.FilterChainProxy$VirtualFilterChain.doFilter(FilterChainProxy.java:374)
	at org.springframework.security.web.session.DisableEncodeUrlFilter.doFilterInternal(DisableEncodeUrlFilter.java:42)
	at org.springframework.web.filter.OncePerRequestFilter.doFilter(OncePerRequestFilter.java:116)
	at org.springframework.security.web.FilterChainProxy$VirtualFilterChain.doFilter(FilterChainProxy.java:374)
	at org.springframework.security.web.FilterChainProxy.doFilterInternal(FilterChainProxy.java:233)
	at org.springframework.security.web.FilterChainProxy.doFilter(FilterChainProxy.java:191)
	at org.springframework.web.filter.DelegatingFilterProxy.invokeDelegate(DelegatingFilterProxy.java:352)
	at org.springframework.web.filter.DelegatingFilterProxy.doFilter(DelegatingFilterProxy.java:268)
	at org.apache.catalina.core.ApplicationFilterChain.internalDoFilter(ApplicationFilterChain.java:174)
	at org.apache.catalina.core.ApplicationFilterChain.doFilter(ApplicationFilterChain.java:149)
	at org.springframework.web.filter.RequestContextFilter.doFilterInternal(RequestContextFilter.java:100)
	at org.springframework.web.filter.OncePerRequestFilter.doFilter(OncePerRequestFilter.java:116)
	at org.apache.catalina.core.ApplicationFilterChain.internalDoFilter(ApplicationFilterChain.java:174)
	at org.apache.catalina.core.ApplicationFilterChain.doFilter(ApplicationFilterChain.java:149)
	at org.springframework.web.filter.FormContentFilter.doFilterInternal(FormContentFilter.java:93)
	at org.springframework.web.filter.OncePerRequestFilter.doFilter(OncePerRequestFilter.java:116)
	at org.apache.catalina.core.ApplicationFilterChain.internalDoFilter(ApplicationFilterChain.java:174)
	at org.apache.catalina.core.ApplicationFilterChain.doFilter(ApplicationFilterChain.java:149)
	at org.springframework.web.filter.CharacterEncodingFilter.doFilterInternal(CharacterEncodingFilter.java:201)
	at org.springframework.web.filter.OncePerRequestFilter.doFilter(OncePerRequestFilter.java:116)
	at org.apache.catalina.core.ApplicationFilterChain.internalDoFilter(ApplicationFilterChain.java:174)
	at org.apache.catalina.core.ApplicationFilterChain.doFilter(ApplicationFilterChain.java:149)
	at org.apache.catalina.core.StandardWrapperValve.invoke(StandardWrapperValve.java:166)
	at org.apache.catalina.core.StandardContextValve.invoke(StandardContextValve.java:90)
	at org.apache.catalina.authenticator.AuthenticatorBase.invoke(AuthenticatorBase.java:493)
	at org.apache.catalina.core.StandardHostValve.invoke(StandardHostValve.java:115)
	at org.apache.catalina.valves.ErrorReportValve.invoke(ErrorReportValve.java:93)
	at org.apache.catalina.core.StandardEngineValve.invoke(StandardEngineValve.java:74)
	at org.apache.catalina.connector.CoyoteAdapter.service(CoyoteAdapter.java:341)
	at org.apache.coyote.http11.Http11Processor.service(Http11Processor.java:390)
	at org.apache.coyote.AbstractProcessorLight.process(AbstractProcessorLight.java:63)
	at org.apache.coyote.AbstractProtocol$ConnectionHandler.process(AbstractProtocol.java:894)
	at org.apache.tomcat.util.net.NioEndpoint$SocketProcessor.doRun(NioEndpoint.java:1741)
	at org.apache.tomcat.util.net.SocketProcessorBase.run(SocketProcessorBase.java:52)
	at org.apache.tomcat.util.threads.ThreadPoolExecutor.runWorker(ThreadPoolExecutor.java:1191)
	at org.apache.tomcat.util.threads.ThreadPoolExecutor$Worker.run(ThreadPoolExecutor.java:659)
	at org.apache.tomcat.util.threads.TaskThread$WrappingRunnable.run(TaskThread.java:61)
	at java.base/java.lang.Thread.run(Thread.java:1589)
2023-11-05 14:12:53,805 [SpringApplicationShutdownHook] INFO  o.s.o.j.LocalContainerEntityManagerFactoryBean: Closing JPA EntityManagerFactory for persistence unit 'default'
2023-11-05 14:12:53,807 [SpringApplicationShutdownHook] INFO  com.zaxxer.hikari.HikariDataSource: HikariPool-1 - Shutdown initiated...
2023-11-05 14:12:53,811 [SpringApplicationShutdownHook] INFO  com.zaxxer.hikari.HikariDataSource: HikariPool-1 - Shutdown completed.
2023-11-05 14:12:58,404 [main] INFO  ru.intech.pechkin.auth.AuthApp: Starting AuthApp using Java 19.0.2 with PID 7444 (C:\Users\Vano\IdeaProjects\pechkin\auth\target\classes started by Vano in C:\Users\Vano\IdeaProjects\pechkin)
2023-11-05 14:12:58,406 [main] INFO  ru.intech.pechkin.auth.AuthApp: The following 1 profile is active: "dev"
2023-11-05 14:12:59,113 [main] INFO  o.s.d.r.c.RepositoryConfigurationDelegate: Bootstrapping Spring Data JPA repositories in DEFAULT mode.
2023-11-05 14:12:59,179 [main] INFO  o.s.d.r.c.RepositoryConfigurationDelegate: Finished Spring Data repository scanning in 57 ms. Found 5 JPA repository interfaces.
2023-11-05 14:12:59,668 [main] INFO  o.s.b.w.e.tomcat.TomcatWebServer: Tomcat initialized with port(s): 8080 (http)
2023-11-05 14:12:59,677 [main] INFO  o.a.catalina.core.StandardService: Starting service [Tomcat]
2023-11-05 14:12:59,678 [main] INFO  o.a.catalina.core.StandardEngine: Starting Servlet engine: [Apache Tomcat/10.1.7]
2023-11-05 14:12:59,763 [main] INFO  o.a.c.c.C.[Tomcat].[localhost].[/]: Initializing Spring embedded WebApplicationContext
2023-11-05 14:12:59,763 [main] INFO  o.s.b.w.s.c.ServletWebServerApplicationContext: Root WebApplicationContext: initialization completed in 1306 ms
2023-11-05 14:12:59,859 [main] INFO  com.zaxxer.hikari.HikariDataSource: HikariPool-1 - Starting...
2023-11-05 14:13:00,027 [main] INFO  com.zaxxer.hikari.pool.HikariPool: HikariPool-1 - Added connection org.postgresql.jdbc.PgConnection@1b7f06c7
2023-11-05 14:13:00,029 [main] INFO  com.zaxxer.hikari.HikariDataSource: HikariPool-1 - Start completed.
2023-11-05 14:13:00,079 [main] INFO  o.h.jpa.internal.util.LogHelper: HHH000204: Processing PersistenceUnitInfo [name: default]
2023-11-05 14:13:00,134 [main] INFO  org.hibernate.Version: HHH000412: Hibernate ORM core version 6.1.7.Final
2023-11-05 14:13:00,496 [main] INFO  SQL dialect: HHH000400: Using dialect: org.hibernate.dialect.PostgreSQL94Dialect
2023-11-05 14:13:00,499 [main] WARN  org.hibernate.orm.deprecation: HHH90000026: PostgreSQL94Dialect has been deprecated; use org.hibernate.dialect.PostgreSQLDialect instead
2023-11-05 14:13:01,536 [main] INFO  o.h.e.t.j.p.i.JtaPlatformInitiator: HHH000490: Using JtaPlatform implementation: [org.hibernate.engine.transaction.jta.platform.internal.NoJtaPlatform]
2023-11-05 14:13:01,546 [main] INFO  o.s.o.j.LocalContainerEntityManagerFactoryBean: Initialized JPA EntityManagerFactory for persistence unit 'default'
2023-11-05 14:13:01,769 [main] WARN  o.s.c.LocalVariableTableParameterNameDiscoverer: Using deprecated '-debug' fallback for parameter name resolution. Compile the affected code with '-parameters' instead or avoid its introspection: ru.intech.pechkin.auth.repo.UserRepository
2023-11-05 14:13:01,928 [main] WARN  o.s.c.LocalVariableTableParameterNameDiscoverer: Using deprecated '-debug' fallback for parameter name resolution. Compile the affected code with '-parameters' instead or avoid its introspection: ru.intech.pechkin.auth.repo.GroupTypeRepository
2023-11-05 14:13:01,949 [main] WARN  o.s.c.LocalVariableTableParameterNameDiscoverer: Using deprecated '-debug' fallback for parameter name resolution. Compile the affected code with '-parameters' instead or avoid its introspection: ru.intech.pechkin.auth.repo.AttributeTypeRepository
2023-11-05 14:13:01,969 [main] WARN  o.s.c.LocalVariableTableParameterNameDiscoverer: Using deprecated '-debug' fallback for parameter name resolution. Compile the affected code with '-parameters' instead or avoid its introspection: ru.intech.pechkin.auth.repo.AttributeRepository
2023-11-05 14:13:02,067 [main] WARN  o.s.b.a.o.j.JpaBaseConfiguration$JpaWebConfiguration: spring.jpa.open-in-view is enabled by default. Therefore, database queries may be performed during view rendering. Explicitly configure spring.jpa.open-in-view to disable this warning
2023-11-05 14:13:02,288 [main] INFO  o.s.s.web.DefaultSecurityFilterChain: Will secure any request with [org.springframework.security.web.session.DisableEncodeUrlFilter@4d142b53, org.springframework.security.web.context.request.async.WebAsyncManagerIntegrationFilter@3bac86a3, org.springframework.security.web.context.SecurityContextHolderFilter@167bae0b, org.springframework.security.web.header.HeaderWriterFilter@52a2e2fb, org.springframework.security.web.authentication.logout.LogoutFilter@68c47cf9, ru.intech.pechkin.auth.config.JwtAuthenticationFilter@4860627a, org.springframework.security.web.savedrequest.RequestCacheAwareFilter@6b286640, org.springframework.security.web.servletapi.SecurityContextHolderAwareRequestFilter@1e34840f, org.springframework.security.web.authentication.AnonymousAuthenticationFilter@128ca7af, org.springframework.security.web.session.SessionManagementFilter@4a490518, org.springframework.security.web.access.ExceptionTranslationFilter@36e358de, org.springframework.security.web.access.intercept.AuthorizationFilter@2b9bbaa8]
2023-11-05 14:13:02,487 [main] INFO  o.s.b.w.e.tomcat.TomcatWebServer: Tomcat started on port(s): 8080 (http) with context path ''
2023-11-05 14:13:02,496 [main] INFO  ru.intech.pechkin.auth.AuthApp: Started AuthApp in 4.737 seconds (process running for 5.502)
2023-11-05 14:13:06,821 [http-nio-8080-exec-2] INFO  o.a.c.c.C.[Tomcat].[localhost].[/]: Initializing Spring DispatcherServlet 'dispatcherServlet'
2023-11-05 14:13:06,821 [http-nio-8080-exec-2] INFO  o.s.web.servlet.DispatcherServlet: Initializing Servlet 'dispatcherServlet'
2023-11-05 14:13:06,822 [http-nio-8080-exec-2] INFO  o.s.web.servlet.DispatcherServlet: Completed initialization in 1 ms
2023-11-05 14:14:36,829 [SpringApplicationShutdownHook] INFO  o.s.o.j.LocalContainerEntityManagerFactoryBean: Closing JPA EntityManagerFactory for persistence unit 'default'
2023-11-05 14:14:36,830 [SpringApplicationShutdownHook] INFO  com.zaxxer.hikari.HikariDataSource: HikariPool-1 - Shutdown initiated...
2023-11-05 14:14:36,834 [SpringApplicationShutdownHook] INFO  com.zaxxer.hikari.HikariDataSource: HikariPool-1 - Shutdown completed.
2023-11-05 14:14:42,036 [main] INFO  ru.intech.pechkin.auth.AuthApp: Starting AuthApp using Java 19.0.2 with PID 17976 (C:\Users\Vano\IdeaProjects\pechkin\auth\target\classes started by Vano in C:\Users\Vano\IdeaProjects\pechkin)
2023-11-05 14:14:42,039 [main] INFO  ru.intech.pechkin.auth.AuthApp: The following 1 profile is active: "dev"
2023-11-05 14:14:42,819 [main] INFO  o.s.d.r.c.RepositoryConfigurationDelegate: Bootstrapping Spring Data JPA repositories in DEFAULT mode.
2023-11-05 14:14:42,905 [main] INFO  o.s.d.r.c.RepositoryConfigurationDelegate: Finished Spring Data repository scanning in 76 ms. Found 5 JPA repository interfaces.
2023-11-05 14:14:43,529 [main] INFO  o.s.b.w.e.tomcat.TomcatWebServer: Tomcat initialized with port(s): 8080 (http)
2023-11-05 14:14:43,540 [main] INFO  o.a.catalina.core.StandardService: Starting service [Tomcat]
2023-11-05 14:14:43,540 [main] INFO  o.a.catalina.core.StandardEngine: Starting Servlet engine: [Apache Tomcat/10.1.7]
2023-11-05 14:14:43,632 [main] INFO  o.a.c.c.C.[Tomcat].[localhost].[/]: Initializing Spring embedded WebApplicationContext
2023-11-05 14:14:43,633 [main] INFO  o.s.b.w.s.c.ServletWebServerApplicationContext: Root WebApplicationContext: initialization completed in 1533 ms
2023-11-05 14:14:43,750 [main] INFO  com.zaxxer.hikari.HikariDataSource: HikariPool-1 - Starting...
2023-11-05 14:14:43,933 [main] INFO  com.zaxxer.hikari.pool.HikariPool: HikariPool-1 - Added connection org.postgresql.jdbc.PgConnection@12417468
2023-11-05 14:14:43,935 [main] INFO  com.zaxxer.hikari.HikariDataSource: HikariPool-1 - Start completed.
2023-11-05 14:14:43,989 [main] INFO  o.h.jpa.internal.util.LogHelper: HHH000204: Processing PersistenceUnitInfo [name: default]
2023-11-05 14:14:44,056 [main] INFO  org.hibernate.Version: HHH000412: Hibernate ORM core version 6.1.7.Final
2023-11-05 14:14:44,484 [main] INFO  SQL dialect: HHH000400: Using dialect: org.hibernate.dialect.PostgreSQL94Dialect
2023-11-05 14:14:44,486 [main] WARN  org.hibernate.orm.deprecation: HHH90000026: PostgreSQL94Dialect has been deprecated; use org.hibernate.dialect.PostgreSQLDialect instead
2023-11-05 14:14:45,671 [main] INFO  o.h.e.t.j.p.i.JtaPlatformInitiator: HHH000490: Using JtaPlatform implementation: [org.hibernate.engine.transaction.jta.platform.internal.NoJtaPlatform]
2023-11-05 14:14:45,683 [main] INFO  o.s.o.j.LocalContainerEntityManagerFactoryBean: Initialized JPA EntityManagerFactory for persistence unit 'default'
2023-11-05 14:14:45,967 [main] WARN  o.s.c.LocalVariableTableParameterNameDiscoverer: Using deprecated '-debug' fallback for parameter name resolution. Compile the affected code with '-parameters' instead or avoid its introspection: ru.intech.pechkin.auth.repo.UserRepository
2023-11-05 14:14:46,743 [main] WARN  o.s.c.LocalVariableTableParameterNameDiscoverer: Using deprecated '-debug' fallback for parameter name resolution. Compile the affected code with '-parameters' instead or avoid its introspection: ru.intech.pechkin.auth.repo.GroupTypeRepository
2023-11-05 14:14:46,771 [main] WARN  o.s.c.LocalVariableTableParameterNameDiscoverer: Using deprecated '-debug' fallback for parameter name resolution. Compile the affected code with '-parameters' instead or avoid its introspection: ru.intech.pechkin.auth.repo.AttributeTypeRepository
2023-11-05 14:14:46,793 [main] WARN  o.s.c.LocalVariableTableParameterNameDiscoverer: Using deprecated '-debug' fallback for parameter name resolution. Compile the affected code with '-parameters' instead or avoid its introspection: ru.intech.pechkin.auth.repo.AttributeRepository
2023-11-05 14:14:47,017 [main] WARN  o.s.b.a.o.j.JpaBaseConfiguration$JpaWebConfiguration: spring.jpa.open-in-view is enabled by default. Therefore, database queries may be performed during view rendering. Explicitly configure spring.jpa.open-in-view to disable this warning
2023-11-05 14:14:47,540 [main] INFO  o.s.s.web.DefaultSecurityFilterChain: Will secure any request with [org.springframework.security.web.session.DisableEncodeUrlFilter@20a46227, org.springframework.security.web.context.request.async.WebAsyncManagerIntegrationFilter@669469c9, org.springframework.security.web.context.SecurityContextHolderFilter@1dc2c13c, org.springframework.security.web.header.HeaderWriterFilter@ecfff32, org.springframework.security.web.authentication.logout.LogoutFilter@5ead245, ru.intech.pechkin.auth.config.JwtAuthenticationFilter@dddcd91, org.springframework.security.web.savedrequest.RequestCacheAwareFilter@127320df, org.springframework.security.web.servletapi.SecurityContextHolderAwareRequestFilter@26c1244c, org.springframework.security.web.authentication.AnonymousAuthenticationFilter@7f39ad3f, org.springframework.security.web.session.SessionManagementFilter@469bd719, org.springframework.security.web.access.ExceptionTranslationFilter@7f09ff10, org.springframework.security.web.access.intercept.AuthorizationFilter@357e7113]
2023-11-05 14:14:48,012 [main] INFO  o.s.b.w.e.tomcat.TomcatWebServer: Tomcat started on port(s): 8080 (http) with context path ''
2023-11-05 14:14:48,028 [main] INFO  ru.intech.pechkin.auth.AuthApp: Started AuthApp in 6.776 seconds (process running for 8.952)
2023-11-05 14:14:53,142 [http-nio-8080-exec-2] INFO  o.a.c.c.C.[Tomcat].[localhost].[/]: Initializing Spring DispatcherServlet 'dispatcherServlet'
2023-11-05 14:14:53,142 [http-nio-8080-exec-2] INFO  o.s.web.servlet.DispatcherServlet: Initializing Servlet 'dispatcherServlet'
2023-11-05 14:14:53,143 [http-nio-8080-exec-2] INFO  o.s.web.servlet.DispatcherServlet: Completed initialization in 1 ms
2023-11-05 14:21:39,399 [HikariPool-1 housekeeper] WARN  com.zaxxer.hikari.pool.HikariPool: HikariPool-1 - Thread starvation or clock leap detected (housekeeper delta=3m35s34ms153µs100ns).
2023-11-05 14:22:28,285 [SpringApplicationShutdownHook] INFO  o.s.o.j.LocalContainerEntityManagerFactoryBean: Closing JPA EntityManagerFactory for persistence unit 'default'
2023-11-05 14:22:28,287 [SpringApplicationShutdownHook] INFO  com.zaxxer.hikari.HikariDataSource: HikariPool-1 - Shutdown initiated...
2023-11-05 14:22:28,295 [SpringApplicationShutdownHook] INFO  com.zaxxer.hikari.HikariDataSource: HikariPool-1 - Shutdown completed.
2023-11-05 14:35:33,588 [main] INFO  ru.intech.pechkin.auth.AuthApp: Starting AuthApp using Java 17.0.2 with PID 4288 (C:\Users\Vano\IdeaProjects\pechkin\auth\target\classes started by Vano in C:\Users\Vano\IdeaProjects\pechkin)
2023-11-05 14:35:33,594 [main] INFO  ru.intech.pechkin.auth.AuthApp: The following 1 profile is active: "dev"
2023-11-05 14:35:34,966 [main] INFO  o.s.d.r.c.RepositoryConfigurationDelegate: Bootstrapping Spring Data JPA repositories in DEFAULT mode.
2023-11-05 14:35:35,176 [main] INFO  o.s.d.r.c.RepositoryConfigurationDelegate: Finished Spring Data repository scanning in 185 ms. Found 5 JPA repository interfaces.
2023-11-05 14:35:36,799 [main] INFO  o.s.b.w.e.tomcat.TomcatWebServer: Tomcat initialized with port(s): 8080 (http)
2023-11-05 14:35:36,817 [main] INFO  o.a.catalina.core.StandardService: Starting service [Tomcat]
2023-11-05 14:35:36,818 [main] INFO  o.a.catalina.core.StandardEngine: Starting Servlet engine: [Apache Tomcat/10.1.7]
2023-11-05 14:35:37,011 [main] INFO  o.a.c.c.C.[Tomcat].[localhost].[/]: Initializing Spring embedded WebApplicationContext
2023-11-05 14:35:37,012 [main] INFO  o.s.b.w.s.c.ServletWebServerApplicationContext: Root WebApplicationContext: initialization completed in 3330 ms
2023-11-05 14:35:37,302 [main] INFO  com.zaxxer.hikari.HikariDataSource: HikariPool-1 - Starting...
2023-11-05 14:35:37,668 [main] INFO  com.zaxxer.hikari.pool.HikariPool: HikariPool-1 - Added connection org.postgresql.jdbc.PgConnection@144ab983
2023-11-05 14:35:37,670 [main] INFO  com.zaxxer.hikari.HikariDataSource: HikariPool-1 - Start completed.
2023-11-05 14:35:37,752 [main] INFO  o.h.jpa.internal.util.LogHelper: HHH000204: Processing PersistenceUnitInfo [name: default]
2023-11-05 14:35:37,817 [main] INFO  org.hibernate.Version: HHH000412: Hibernate ORM core version 6.1.7.Final
2023-11-05 14:35:38,366 [main] INFO  SQL dialect: HHH000400: Using dialect: org.hibernate.dialect.PostgreSQL94Dialect
2023-11-05 14:35:38,368 [main] WARN  org.hibernate.orm.deprecation: HHH90000026: PostgreSQL94Dialect has been deprecated; use org.hibernate.dialect.PostgreSQLDialect instead
2023-11-05 14:35:39,773 [main] INFO  o.h.e.t.j.p.i.JtaPlatformInitiator: HHH000490: Using JtaPlatform implementation: [org.hibernate.engine.transaction.jta.platform.internal.NoJtaPlatform]
2023-11-05 14:35:39,783 [main] INFO  o.s.o.j.LocalContainerEntityManagerFactoryBean: Initialized JPA EntityManagerFactory for persistence unit 'default'
2023-11-05 14:35:40,177 [main] WARN  o.s.c.LocalVariableTableParameterNameDiscoverer: Using deprecated '-debug' fallback for parameter name resolution. Compile the affected code with '-parameters' instead or avoid its introspection: ru.intech.pechkin.auth.repo.UserRepository
2023-11-05 14:35:40,412 [main] WARN  o.s.c.LocalVariableTableParameterNameDiscoverer: Using deprecated '-debug' fallback for parameter name resolution. Compile the affected code with '-parameters' instead or avoid its introspection: ru.intech.pechkin.auth.repo.GroupTypeRepository
2023-11-05 14:35:40,463 [main] WARN  o.s.c.LocalVariableTableParameterNameDiscoverer: Using deprecated '-debug' fallback for parameter name resolution. Compile the affected code with '-parameters' instead or avoid its introspection: ru.intech.pechkin.auth.repo.AttributeTypeRepository
2023-11-05 14:35:40,497 [main] WARN  o.s.c.LocalVariableTableParameterNameDiscoverer: Using deprecated '-debug' fallback for parameter name resolution. Compile the affected code with '-parameters' instead or avoid its introspection: ru.intech.pechkin.auth.repo.AttributeRepository
2023-11-05 14:35:40,662 [main] WARN  o.s.b.a.o.j.JpaBaseConfiguration$JpaWebConfiguration: spring.jpa.open-in-view is enabled by default. Therefore, database queries may be performed during view rendering. Explicitly configure spring.jpa.open-in-view to disable this warning
2023-11-05 14:35:41,061 [main] INFO  o.s.s.web.DefaultSecurityFilterChain: Will secure any request with [org.springframework.security.web.session.DisableEncodeUrlFilter@6d7772d3, org.springframework.security.web.context.request.async.WebAsyncManagerIntegrationFilter@38394e76, org.springframework.security.web.context.SecurityContextHolderFilter@15aaf7b1, org.springframework.security.web.header.HeaderWriterFilter@7f53b345, org.springframework.security.web.authentication.logout.LogoutFilter@245b0bd7, ru.intech.pechkin.auth.config.JwtAuthenticationFilter@4fbbd98c, org.springframework.security.web.savedrequest.RequestCacheAwareFilter@4930213b, org.springframework.security.web.servletapi.SecurityContextHolderAwareRequestFilter@6130a6f5, org.springframework.security.web.authentication.AnonymousAuthenticationFilter@37d3e740, org.springframework.security.web.session.SessionManagementFilter@75df4b1d, org.springframework.security.web.access.ExceptionTranslationFilter@703eead0, org.springframework.security.web.access.intercept.AuthorizationFilter@8ab231]
2023-11-05 14:35:41,415 [main] INFO  o.s.b.w.e.tomcat.TomcatWebServer: Tomcat started on port(s): 8080 (http) with context path ''
2023-11-05 14:35:41,429 [main] INFO  ru.intech.pechkin.auth.AuthApp: Started AuthApp in 8.754 seconds (process running for 9.37)
2023-11-05 14:35:45,821 [http-nio-8080-exec-2] INFO  o.a.c.c.C.[Tomcat].[localhost].[/]: Initializing Spring DispatcherServlet 'dispatcherServlet'
2023-11-05 14:35:45,822 [http-nio-8080-exec-2] INFO  o.s.web.servlet.DispatcherServlet: Initializing Servlet 'dispatcherServlet'
2023-11-05 14:35:45,824 [http-nio-8080-exec-2] INFO  o.s.web.servlet.DispatcherServlet: Completed initialization in 2 ms
2023-11-05 14:36:34,937 [SpringApplicationShutdownHook] INFO  o.s.o.j.LocalContainerEntityManagerFactoryBean: Closing JPA EntityManagerFactory for persistence unit 'default'
2023-11-05 14:36:34,941 [SpringApplicationShutdownHook] INFO  com.zaxxer.hikari.HikariDataSource: HikariPool-1 - Shutdown initiated...
2023-11-05 14:36:34,953 [SpringApplicationShutdownHook] INFO  com.zaxxer.hikari.HikariDataSource: HikariPool-1 - Shutdown completed.
